buf= 7E 00 09 88 10 53 48 00 00 13 A2 00 17 
packet rec: 7e 00 09 88 10 53 48 00 00 13 a2 00 17 
buf= 7E 00 
buf= 09 88 10 53 4C 00 40 E5 F0 91 22 
packet rec: 7e 00 09 88 10 53 4c 00 40 e5 f0 91 22 
buf= 7E 00 19 88 10 
buf= 4E 44 00 79 F7 00 13 A2 00 40 E5 F2 44 20 00 FF FE 01 00 C1 05 10 1E 43 7E 00 17 90 00 13 A2 00 40 E5 F2 44 79 F7 01 06 01 00 05 01 05 00 00 CD 41 01 CD 
packet rec: 7e 00 17 90 00 13 a2 00 40 e5 f2 44 79 f7 01 06 01 00 05 01 05 00 00 cd 41 01 cd 
packet rec: 7e 00 17 90 00 13 a2 00 40 e5 f2 44 79 f7 01 06 01 00 05 01 05 00 00 cd 41 01 cd 
buf= 7E 00 19 88 10 4E 44 00 45 5D 00 13 A2 00 40 DD 8C F2 20 00 FF FE 01 00 C1 05 10 1E D1 
packet rec: 7e 00 19 88 10 4e 44 00 45 5d 00 13 a2 00 40 dd 8c f2 20 00 ff fe 01 00 c1 05 10 1e d1 
buf= 7E 00 
buf= 10 97 10 00 13 A2 00 40 DD 8C F2 45 5D 44 42 00 30 B0 7E 00 1F 90 00 13 A2 00 40 E5 F2 44 79 F7 01 06 02 00 05 01 05 9A 19 CD 41 01 0A 01 05 00 80 C5 41 00 83 
packet rec: 7e 00 1f 90 00 13 a2 00 40 e5 f2 44 79 f7 01 06 02 00 05 01 ff fe 01 00 c1 05 10 1e d1 00 00 00 00 00 00 
packet rec: 7e 00 1f 90 00 13 a2 00 40 e5 f2 44 79 f7 01 06 02 00 05 01 ff fe 01 00 c1 05 10 1e d1 00 00 00 00 00 00 
packet rec: 7e 00 1f 90 00 13 a2 00 40 e5 f2 44 79 f7 01 06 02 00 05 01 05 9a 19 cd 41 01 0a 01 05 00 80 c5 41 00 83 
buf= 7E 00 17 90 00 13 A2 00 40 E5 F2 44 79 F7 01 06 01 00 05 01 05 9A 19 CD 41 01 1A 
packet rec: 7e 00 17 90 00 13 a2 00 40 e5 f2 44 79 f7 01 06 01 00 05 01 05 9a 19 cd 41 01 1a 
buf= 7E 00 17 90 00 13 A2 00 40 E5 F2 44 79 F7 01 06 01 01 0A 01 05 00 80 C5 41 01 4F 
packet rec: 7e 00 17 90 00 13 a2 00 40 e5 f2 44 79 f7 01 06 01 01 0a 01 05 00 80 c5 41 01 4f 
buf= 7E 00 17 90 00 13 A2 00 40 E5 F2 44 79 F7 01 06 01 00 05 01 05 9A 19 CD 41 01 1A 
packet rec: 7e 00 17 90 00 13 a2 00 40 e5 f2 44 79 f7 01 06 01 00 05 01 05 9a 19 cd 41 01 1a 
buf= 7E 00 17 90 00 13 A2 00 40 E5 F2 44 79 F7 01 06 01 00 05 01 05 CD 4C CD 41 01 B4 
packet rec: 7e 00 17 90 00 13 a2 00 40 e5 f2 44 79 f7 01 06 01 00 05 01 05 cd 4c cd 41 01 b4 
buf= 7E 00 17 90 00 13 A2 00 40 E5 F2 44 79 F7 01 06 01 01 0A 01 05 00 80 C5 41 01 4F 
packet rec: 7e 00 17 90 00 13 a2 00 40 e5 f2 44 79 f7 01 06 01 01 0a 01 05 00 80 c5 41 01 4f 
